<?xml version="1.0" encoding="UTF-8"?>
<!-- Generated by org.testng.reporters.JUnitReportReporter -->
<testsuite hostname="Beast" failures="0" tests="1" name="com.actitime.testscript.CustomerModule" time="18.363" errors="0" timestamp="2023-03-30T11:25:34 IST" skipped="0">
  <testcase classname="com.actitime.testscript.CustomerModule" name="testCreateCustomer" time="18.363"/>
  <system-out>
    <![CDATA[CreateCustomer]]>
  </system-out>
</testsuite> <!-- com.actitime.testscript.CustomerModule -->
